<data>
  <model model="Test" name="Nich" value="1" slug="nich"> 
</data>
